<?xml version="1.0" encoding="UTF-8"?>
<testsuite xmlns:xsi="http://www.w3.org/2001/XMLSchema-instance" xsi:noNamespaceSchemaLocation="https://maven.apache.org/surefire/maven-surefire-plugin/xsd/surefire-test-report-3.0.xsd" version="3.0" name="com.app.product.service.ProductServiceTest" time="27.804" tests="10" errors="0" skipped="0" failures="0">
  <properties>
[...]
</properties>
  <testcase name="testFindProductByIdD(int)[1]" classname="com.app.product.service.ProductServiceTest" time="1.859">
    <system-out><![CDATA[17:55:16.151 [main] INFO org.springframework.test.context.support.AnnotationConfigContextLoaderUtils -- Could not detect default configuration classes for test class [com.app.product.service.ProductServiceTest]: ProductServiceTest does not declare any static, non-private, non-final, nested classes annotated with @Configuration.
17:55:16.405 [main] INFO org.springframework.boot.test.context.SpringBootTestContextBootstrapper -- Found @SpringBootConfiguration com.app.ProductApplication for test class com.app.product.service.ProductServiceTest
17:55:16.810 [main] INFO org.springframework.boot.devtools.restart.RestartApplicationListener -- Restart disabled due to context in which it is running
█▀▀ █░░█ █░░█ █▀▀▄ █░░█ █▀▀█ █▀▄▀█ 　 　 ▒█▀▀█ █▀▀█ █▀▀▄ █▀▀▄ █▀▀ █▀▀█ 
▀▀█ █▀▀█ █░░█ █▀▀▄ █▀▀█ █▄▄█ █░▀░█ 　 　 ▒█▀▀▄ █▄▄█ █░░█ █░░█ █▀▀ █▄▄▀ 
▀▀▀ ▀░░▀ ░▀▀▀ ▀▀▀░ ▀░░▀ ▀░░▀ ▀░░░▀ 　 　 ▒█▄▄█ ▀░░▀ ▀░░▀ ▀░░▀ ▀▀▀ ▀░▀▀ 

                                                                                            
(3.2.0) 

                                                                                                                            
2024-02-20T17:55:17.486+05:30  INFO 4984 --- [           main] c.a.product.service.ProductServiceTest   : Starting ProductServiceTest using Java 17.0.9 with PID 4984 (started by shubhamb in D:\Assignment\product2)
2024-02-20T17:55:17.499+05:30  INFO 4984 --- [           main] c.a.product.service.ProductServiceTest   : The following 1 profile is active: "dev"
2024-02-20T17:55:21.256+05:30  INFO 4984 --- [           main] .s.d.r.c.RepositoryConfigurationDelegate : Bootstrapping Spring Data JPA repositories in DEFAULT mode.
2024-02-20T17:55:21.372+05:30  INFO 4984 --- [           main] .s.d.r.c.RepositoryConfigurationDelegate : Finished Spring Data repository scanning in 104 ms. Found 2 JPA repository interfaces.
2024-02-20T17:55:24.068+05:30  INFO 4984 --- [           main] com.zaxxer.hikari.HikariDataSource       : HikariPool-1 - Starting...
2024-02-20T17:55:24.577+05:30  INFO 4984 --- [           main] com.zaxxer.hikari.pool.HikariPool        : HikariPool-1 - Added connection conn0: url=jdbc:h2:mem:testdb user=SA
2024-02-20T17:55:24.580+05:30  INFO 4984 --- [           main] com.zaxxer.hikari.HikariDataSource       : HikariPool-1 - Start completed.
2024-02-20T17:55:24.757+05:30  INFO 4984 --- [           main] o.hibernate.jpa.internal.util.LogHelper  : HHH000204: Processing PersistenceUnitInfo [name: default]
2024-02-20T17:55:24.887+05:30  INFO 4984 --- [           main] org.hibernate.Version                    : HHH000412: Hibernate ORM core version 6.3.1.Final
2024-02-20T17:55:24.994+05:30  INFO 4984 --- [           main] o.h.c.internal.RegionFactoryInitiator    : HHH000026: Second-level cache disabled
2024-02-20T17:55:25.750+05:30  INFO 4984 --- [           main] o.s.o.j.p.SpringPersistenceUnitInfo      : No LoadTimeWeaver setup: ignoring JPA class transformer
2024-02-20T17:55:25.868+05:30  WARN 4984 --- [           main] org.hibernate.orm.deprecation            : HHH90000025: H2Dialect does not need to be specified explicitly using 'hibernate.dialect' (remove the property setting and it will be selected by default)
2024-02-20T17:55:27.643+05:30  INFO 4984 --- [           main] o.h.e.t.j.p.i.JtaPlatformInitiator       : HHH000489: No JTA platform available (set 'hibernate.transaction.jta.platform' to enable JTA platform integration)
Hibernate: drop table if exists sbsb_product cascade 
Hibernate: drop table if exists sbsb_review cascade 
Hibernate: create table sbsb_product (price float(24), product_id integer generated by default as identity, name varchar(255), primary key (product_id))
Hibernate: create table sbsb_review (product_id_fk integer, ratings integer, review_id integer generated by default as identity, commment varchar(255), primary key (review_id))
Hibernate: alter table if exists sbsb_review add constraint FKdv4q2ty4nkg82pax71omjaajc foreign key (product_id_fk) references sbsb_product
2024-02-20T17:55:27.712+05:30  INFO 4984 --- [           main] j.LocalContainerEntityManagerFactoryBean : Initialized JPA EntityManagerFactory for persistence unit 'default'
Creating cin with value->CInjected(one=null, two=null)
Creating bean one with value->CInjected(one=null, two=null)
Creating bean two with value->CInjected(one=null, two=null)
2024-02-20T17:55:31.013+05:30  INFO 4984 --- [           main] org.quartz.impl.StdSchedulerFactory      : Using default implementation for ThreadExecutor
2024-02-20T17:55:31.218+05:30  INFO 4984 --- [           main] org.quartz.core.SchedulerSignalerImpl    : Initialized Scheduler Signaller of type: class org.quartz.core.SchedulerSignalerImpl
2024-02-20T17:55:31.220+05:30  INFO 4984 --- [           main] org.quartz.core.QuartzScheduler          : Quartz Scheduler v.2.3.2 created.
2024-02-20T17:55:31.226+05:30  INFO 4984 --- [           main] o.s.s.quartz.LocalDataSourceJobStore     : Using db table-based data access locking (synchronization).
2024-02-20T17:55:31.231+05:30  INFO 4984 --- [           main] o.s.s.quartz.LocalDataSourceJobStore     : JobStoreCMT initialized.
2024-02-20T17:55:31.233+05:30  INFO 4984 --- [           main] org.quartz.core.QuartzScheduler          : Scheduler meta-data: Quartz Scheduler (v2.3.2) 'quartzScheduler' with instanceId 'NON_CLUSTERED'
  Scheduler class: 'org.quartz.core.QuartzScheduler' - running locally.
  NOT STARTED.
  Currently in standby mode.
  Number of jobs executed: 0
  Using thread pool 'org.quartz.simpl.SimpleThreadPool' - with 5 threads.
  Using job-store 'org.springframework.scheduling.quartz.LocalDataSourceJobStore' - which supports persistence. and is not clustered.

2024-02-20T17:55:31.234+05:30  INFO 4984 --- [           main] org.quartz.impl.StdSchedulerFactory      : Quartz scheduler 'quartzScheduler' initialized from an externally provided properties instance.
2024-02-20T17:55:31.235+05:30  INFO 4984 --- [           main] org.quartz.impl.StdSchedulerFactory      : Quartz scheduler version: 2.3.2
2024-02-20T17:55:31.235+05:30  INFO 4984 --- [           main] org.quartz.core.QuartzScheduler          : JobFactory set to: org.springframework.scheduling.quartz.SpringBeanJobFactory@4f5d587c
2024-02-20T17:55:32.576+05:30  WARN 4984 --- [           main] JpaBaseConfiguration$JpaWebConfiguration : spring.jpa.open-in-view is enabled by default. Therefore, database queries may be performed during view rendering. Explicitly configure spring.jpa.open-in-view to disable this warning
2024-02-20T17:55:40.117+05:30  INFO 4984 --- [           main] o.s.b.a.h2.H2ConsoleAutoConfiguration    : H2 console available at '/h2-console'. Database available at 'jdbc:h2:mem:testdb'
2024-02-20T17:55:40.413+05:30  INFO 4984 --- [           main] o.s.b.a.e.web.EndpointLinksResolver      : Exposing 15 endpoint(s) beneath base path '/actuator'
2024-02-20T17:55:40.747+05:30  INFO 4984 --- [           main] o.s.s.quartz.SchedulerFactoryBean        : Starting Quartz Scheduler now
2024-02-20T17:55:40.827+05:30  INFO 4984 --- [           main] o.s.s.quartz.LocalDataSourceJobStore     : Freed 0 triggers from 'acquired' / 'blocked' state.
2024-02-20T17:55:40.834+05:30  INFO 4984 --- [           main] o.s.s.quartz.LocalDataSourceJobStore     : Recovering 0 jobs that were in-progress at the time of the last shut-down.
2024-02-20T17:55:40.835+05:30  INFO 4984 --- [           main] o.s.s.quartz.LocalDataSourceJobStore     : Recovery complete.
2024-02-20T17:55:40.837+05:30  INFO 4984 --- [           main] o.s.s.quartz.LocalDataSourceJobStore     : Removed 0 'complete' triggers.
2024-02-20T17:55:40.839+05:30  INFO 4984 --- [           main] o.s.s.quartz.LocalDataSourceJobStore     : Removed 0 stale fired job entries.
2024-02-20T17:55:40.850+05:30  INFO 4984 --- [           main] org.quartz.core.QuartzScheduler          : Scheduler quartzScheduler_$_NON_CLUSTERED started.
2024-02-20T17:55:40.920+05:30  INFO 4984 --- [           main] c.a.product.service.ProductServiceTest   : Started ProductServiceTest in 24.127 seconds (process running for 27.408)

Configuration using @ConfigurationPropertiesConfigClass(name=company_from_dev_env, location=location_from_dev_env)
Hibernate: select p1_0.product_id,p1_0.name,p1_0.price,r1_0.product_id_fk,r1_0.review_id,r1_0.commment,r1_0.ratings from sbsb_product p1_0 left join sbsb_review r1_0 on p1_0.product_id=r1_0.product_id_fk where p1_0.product_id=?
]]></system-out>
    <system-err><![CDATA[#########
]]></system-err>
  </testcase>
  <testcase name="testFindProductByIdD(int)[2]" classname="com.app.product.service.ProductServiceTest" time="0.017">
    <system-out><![CDATA[Hibernate: select p1_0.product_id,p1_0.name,p1_0.price,r1_0.product_id_fk,r1_0.review_id,r1_0.commment,r1_0.ratings from sbsb_product p1_0 left join sbsb_review r1_0 on p1_0.product_id=r1_0.product_id_fk where p1_0.product_id=?
]]></system-out>
    <system-err><![CDATA[#########
]]></system-err>
  </testcase>
  <testcase name="testFindProductByIdD(int)[3]" classname="com.app.product.service.ProductServiceTest" time="0.024">
    <system-out><![CDATA[Hibernate: select p1_0.product_id,p1_0.name,p1_0.price,r1_0.product_id_fk,r1_0.review_id,r1_0.commment,r1_0.ratings from sbsb_product p1_0 left join sbsb_review r1_0 on p1_0.product_id=r1_0.product_id_fk where p1_0.product_id=?
]]></system-out>
    <system-err><![CDATA[#########
]]></system-err>
  </testcase>
  <testcase name="testFindProductByIdD(int)[4]" classname="com.app.product.service.ProductServiceTest" time="0.019">
    <system-out><![CDATA[Hibernate: select p1_0.product_id,p1_0.name,p1_0.price,r1_0.product_id_fk,r1_0.review_id,r1_0.commment,r1_0.ratings from sbsb_product p1_0 left join sbsb_review r1_0 on p1_0.product_id=r1_0.product_id_fk where p1_0.product_id=?
]]></system-out>
    <system-err><![CDATA[#########
]]></system-err>
  </testcase>
  <testcase name="testFindProductByIdD(int)[5]" classname="com.app.product.service.ProductServiceTest" time="0.024">
    <system-out><![CDATA[Hibernate: select p1_0.product_id,p1_0.name,p1_0.price,r1_0.product_id_fk,r1_0.review_id,r1_0.commment,r1_0.ratings from sbsb_product p1_0 left join sbsb_review r1_0 on p1_0.product_id=r1_0.product_id_fk where p1_0.product_id=?
]]></system-out>
    <system-err><![CDATA[#########
]]></system-err>
  </testcase>
  <testcase name="testFindProductByIdE(int)[1]" classname="com.app.product.service.ProductServiceTest" time="0.034">
    <system-out><![CDATA[Hibernate: select p1_0.product_id,p1_0.name,p1_0.price,r1_0.product_id_fk,r1_0.review_id,r1_0.commment,r1_0.ratings from sbsb_product p1_0 left join sbsb_review r1_0 on p1_0.product_id=r1_0.product_id_fk where p1_0.product_id=?
]]></system-out>
    <system-err><![CDATA[#########
]]></system-err>
  </testcase>
  <testcase name="testFindProductByIdE(int)[2]" classname="com.app.product.service.ProductServiceTest" time="0.035">
    <system-out><![CDATA[Hibernate: select p1_0.product_id,p1_0.name,p1_0.price,r1_0.product_id_fk,r1_0.review_id,r1_0.commment,r1_0.ratings from sbsb_product p1_0 left join sbsb_review r1_0 on p1_0.product_id=r1_0.product_id_fk where p1_0.product_id=?
]]></system-out>
    <system-err><![CDATA[#########
]]></system-err>
  </testcase>
  <testcase name="testFindProductByIdE(int)[3]" classname="com.app.product.service.ProductServiceTest" time="0.044">
    <system-out><![CDATA[Hibernate: select p1_0.product_id,p1_0.name,p1_0.price,r1_0.product_id_fk,r1_0.review_id,r1_0.commment,r1_0.ratings from sbsb_product p1_0 left join sbsb_review r1_0 on p1_0.product_id=r1_0.product_id_fk where p1_0.product_id=?
]]></system-out>
    <system-err><![CDATA[#########
]]></system-err>
  </testcase>
  <testcase name="testFindProductByIdE(int)[4]" classname="com.app.product.service.ProductServiceTest" time="0.04">
    <system-out><![CDATA[Hibernate: select p1_0.product_id,p1_0.name,p1_0.price,r1_0.product_id_fk,r1_0.review_id,r1_0.commment,r1_0.ratings from sbsb_product p1_0 left join sbsb_review r1_0 on p1_0.product_id=r1_0.product_id_fk where p1_0.product_id=?
]]></system-out>
    <system-err><![CDATA[#########
]]></system-err>
  </testcase>
  <testcase name="testFindProductByIdE(int)[5]" classname="com.app.product.service.ProductServiceTest" time="0.017">
    <system-out><![CDATA[Hibernate: select p1_0.product_id,p1_0.name,p1_0.price,r1_0.product_id_fk,r1_0.review_id,r1_0.commment,r1_0.ratings from sbsb_product p1_0 left join sbsb_review r1_0 on p1_0.product_id=r1_0.product_id_fk where p1_0.product_id=?
]]></system-out>
    <system-err><![CDATA[#########
]]></system-err>
  </testcase>
</testsuite>